<?xml version="1.0" encoding="UTF-8" ?>
<testsuite tests="3" failures="1" name="Chapter1Hibernate5.Hibernate.PersistenceTest" time="4.779" errors="0" skipped="2">
  <properties>
[...]
</properties>
  <testcase classname="Chapter1Hibernate5.Hibernate.PersistenceTest" name="setUp" time="4.779">
    <failure message="Unable to load class [LearningHibernate.Message]" type="org.hibernate.boot.registry.classloading.spi.ClassLoadingException">org.hibernate.boot.registry.classloading.spi.ClassLoadingException: Unable to load class [LearningHibernate.Message]
	at org.hibernate.boot.registry.classloading.internal.ClassLoaderServiceImpl.classForName(ClassLoaderServiceImpl.java:133)
	at org.hibernate.boot.model.source.internal.annotations.AnnotationMetadataSourceProcessorImpl.&lt;init&gt;(AnnotationMetadataSourceProcessorImpl.java:108)
	at org.hibernate.boot.model.process.spi.MetadataBuildingProcess$1.&lt;init&gt;(MetadataBuildingProcess.java:164)
	at org.hibernate.boot.model.process.spi.MetadataBuildingProcess.complete(MetadataBuildingProcess.java:158)
	at org.hibernate.boot.model.process.spi.MetadataBuildingProcess.build(MetadataBuildingProcess.java:86)
	at org.hibernate.boot.internal.MetadataBuilderImpl.build(MetadataBuilderImpl.java:479)
	at org.hibernate.boot.internal.MetadataBuilderImpl.build(MetadataBuilderImpl.java:85)
	at org.hibernate.boot.MetadataSources.buildMetadata(MetadataSources.java:202)
	at Chapter1Hibernate5.Hibernate.PersistenceTest.setUp(PersistenceTest.java:29)
Caused by: java.lang.ClassNotFoundException: Could not load requested class : LearningHibernate.Message
	at org.hibernate.boot.registry.classloading.internal.AggregatedClassLoader.findClass(AggregatedClassLoader.java:210)
	at java.lang.ClassLoader.loadClass(ClassLoader.java:419)
	at java.lang.ClassLoader.loadClass(ClassLoader.java:352)
	at java.lang.Class.forName0(Native Method)
	at java.lang.Class.forName(Class.java:348)
	at org.hibernate.boot.registry.classloading.internal.ClassLoaderServiceImpl.classForName(ClassLoaderServiceImpl.java:130)
	... 43 more
</failure>
    <system-out>Configuring TestNG with: org.apache.maven.surefire.testng.conf.TestNG652Configurator@19e1023e
</system-out>
    <system-err>Aug 23, 2021 3:02:30 PM org.hibernate.Version logVersion
INFO: HHH000412: Hibernate ORM core version 5.4.31.Final
Aug 23, 2021 3:02:31 PM org.hibernate.annotations.common.reflection.java.JavaReflectionManager &lt;clinit&gt;
INFO: HCANN000001: Hibernate Commons Annotations {5.1.2.Final}
Aug 23, 2021 3:02:31 PM org.hibernate.engine.jdbc.connections.internal.DriverManagerConnectionProviderImpl configure
WARN: HHH10001002: Using Hibernate built-in connection pool (not for production use!)
Aug 23, 2021 3:02:31 PM org.hibernate.engine.jdbc.connections.internal.DriverManagerConnectionProviderImpl buildCreator
INFO: HHH10001005: using driver [org.postgresql.Driver] at URL [jdbc:postgresql://localhost:5432/toshibatestingdb?createDatabaseIfNotExist=true]
Aug 23, 2021 3:02:31 PM org.hibernate.engine.jdbc.connections.internal.DriverManagerConnectionProviderImpl buildCreator
INFO: HHH10001001: Connection properties: {user=postgres, password=****}
Aug 23, 2021 3:02:31 PM org.hibernate.engine.jdbc.connections.internal.DriverManagerConnectionProviderImpl buildCreator
INFO: HHH10001003: Autocommit mode: false
Aug 23, 2021 3:02:31 PM org.hibernate.engine.jdbc.connections.internal.DriverManagerConnectionProviderImpl$PooledConnections &lt;init&gt;
INFO: HHH000115: Hibernate connection pool size: 20 (min=1)
Aug 23, 2021 3:02:32 PM org.hibernate.dialect.Dialect &lt;init&gt;
INFO: HHH000400: Using dialect: org.hibernate.dialect.PostgreSQLDialect
</system-err>
  </testcase>
  <testcase classname="Chapter1Hibernate5.Hibernate.PersistenceTest" name="saveMessage" time="0">
    <skipped/>
  </testcase>
  <testcase classname="Chapter1Hibernate5.Hibernate.PersistenceTest" name="readMessage" time="0">
    <skipped/>
  </testcase>
</testsuite>