<?xml version="1.0" encoding="UTF-8"?>
<!-- Generated by org.testng.reporters.JUnitXMLReporter -->
<testsuite hostname="MEXJYP9793" ignored="0" name="Command line test" tests="2" failures="0" timestamp="2021-08-23T15:02:32 CDT" time="1.95" errors="0">
  <testcase name="@BeforeClass setUp" time="1.637" classname="Chapter1Hibernate5.Hibernate.PersistenceTest">
    <failure type="org.hibernate.boot.registry.classloading.spi.ClassLoadingException" message="Unable to load class [LearningHibernate.Message]">
      <![CDATA[org.hibernate.boot.registry.classloading.spi.ClassLoadingException: Unable to load class [LearningHibernate.Message]
at org.hibernate.boot.registry.classloading.internal.ClassLoaderServiceImpl.classForName(ClassLoaderServiceImpl.java:133)
at org.hibernate.boot.model.source.internal.annotations.AnnotationMetadataSourceProcessorImpl.<init>(AnnotationMetadataSourceProcessorImpl.java:108)
at org.hibernate.boot.model.process.spi.MetadataBuildingProcess$1.<init>(MetadataBuildingProcess.java:164)
at org.hibernate.boot.model.process.spi.MetadataBuildingProcess.complete(MetadataBuildingProcess.java:158)
at org.hibernate.boot.model.process.spi.MetadataBuildingProcess.build(MetadataBuildingProcess.java:86)
at org.hibernate.boot.internal.MetadataBuilderImpl.build(MetadataBuilderImpl.java:479)
at org.hibernate.boot.internal.MetadataBuilderImpl.build(MetadataBuilderImpl.java:85)
at org.hibernate.boot.MetadataSources.buildMetadata(MetadataSources.java:202)
at Chapter1Hibernate5.Hibernate.PersistenceTest.setUp(PersistenceTest.java:29)
at java.util.ArrayList.forEach(ArrayList.java:1259)
Caused by: java.lang.ClassNotFoundException: Could not load requested class : LearningHibernate.Message
at org.hibernate.boot.registry.classloading.internal.AggregatedClassLoader.findClass(AggregatedClassLoader.java:210)
at java.lang.ClassLoader.loadClass(ClassLoader.java:419)
at java.lang.ClassLoader.loadClass(ClassLoader.java:352)
at java.lang.Class.forName0(Native Method)
at java.lang.Class.forName(Class.java:348)
at org.hibernate.boot.registry.classloading.internal.ClassLoaderServiceImpl.classForName(ClassLoaderServiceImpl.java:130)
... 43 more
... Removed 34 stack frames]]>
    </failure>
  </testcase> <!-- @BeforeClass setUp -->
  <testcase name="saveMessage" time="0.081" classname="Chapter1Hibernate5.Hibernate.PersistenceTest">
    <skipped/>
  </testcase> <!-- saveMessage -->
  <testcase name="readMessage" time="0.0" classname="Chapter1Hibernate5.Hibernate.PersistenceTest">
    <skipped/>
  </testcase> <!-- readMessage -->
</testsuite> <!-- Command line test -->
